[2018-12-05 20:54:51] local.INFO: 【今日好き#2】“禁断の恋”の始まり…？リベンジ美人JKなつきと2人きりで秘密の時間 恋は急加速？｜毎週月曜よる10時放送中  
[2018-12-05 20:54:51] local.INFO: 【年下王子2 第5話フル】“2回目のキス”は合格!?オトナ女子から大胆なおねだり♡｜毎週土曜よる10時放送『私の年下王子さま』  
[2018-12-05 20:54:51] local.INFO: 【緊急生出演】M-1優勝 霜降り明星のマンガのようなコンビ結成秘話に小沢が感動…！しかし衝撃のウラ話が…!?｜スピードワゴンの月曜The NIGHT#136【AbemaTV】  
[2018-12-05 20:54:51] local.INFO: スリムな巨乳美女の仕事を当てろ！ブラマヨ吉田、興奮MAXで進行役とは思えない“行為”連発？｜『指原莉乃＆ブラマヨの恋するサイテー男総選挙』#80 毎週火曜よる9時放送中  
[2018-12-05 20:54:51] local.INFO: 【今日好き#3 先行公開】“24時間で告白“の恋の結末は!? 残酷なルールとmocaの決断の時…その運命は｜『今日好き』毎週月曜よる10時放送中  
[2018-12-05 20:54:51] local.INFO: 【12.8 K-1 WORLD GP】芦澤竜誠が『武尊vs皇治』を上から目線＆毒舌予想！「皇治は勘違い野郎」呼ばわり!? 武尊戦の次は「俺と喧嘩対決しようぜ」とノリノリ挑発！ごご2時半アベマTV生中継  
[2018-12-05 20:54:51] local.INFO: 【やぐフェス 2018】SKE48が12/12発売のニューシングル「Stand by you」を初披露♡平成最後のアイドル総決算となるフェスを7時間生放送｜矢口真里の火曜TheNIGHT  
[2018-12-05 20:54:51] local.INFO: 小川彩佳アナ『TikTok』にチャレンジ！キス顔も披露！？「オトナの事情をスルーする」スマホ世代〟若者のためのニュース番組『AbemaPrime』平日よる9時～アベマTVで放送中！  
[2018-12-05 20:54:51] local.INFO: ■今日好き部 #2■今日好き歴代メンバーの「愛してるゲーム」に大はしゃぎ♡6弾まりめろ発案！思いつきでやってみたら大興奮の展開に！｜『今日好き』毎週月曜よる10時放送中  
[2018-12-05 20:54:51] local.INFO: ”今一番脱げるシンガーソングライター”に密着！過激なパフォーマンスで地上波で放送禁止!?独特な世界観を持つ彼女の魅力とは？｜人の財布に首を突っ込む経済番組｜『給与明細』#31 毎週日曜よる11時放送中  
[2018-12-05 20:54:51] local.INFO: K-1皇治戦間近、殺気みなぎる武尊の超直前コメント到着！「顎の骨折ってやる」と1R28秒KO宣言！K-1ライト級世界最強決定Tは12/8(土)ごご2時半アベマTV生中継！  
[2018-12-05 20:54:51] local.INFO: 【今日よる9時】指原莉乃が「エッチな擬音」をおんどく♡ブラマヨ小杉、大興奮で“ヒーハー！”『指原莉乃＆ブラマヨの恋するサイテー男総選挙』#80  
[2018-12-05 20:54:51] local.INFO: スタジオでキス実演!? おぎやはぎ小木で思い出の口づけ♡“はじめて”の詳細を大石絵理が告白｜おぎやはぎの「ブス」テレビ#92  
[2018-12-05 20:54:51] local.INFO: オオカミくんには騙されない❤︎｜12.07 3PM COMING SOON...  
[2018-12-05 20:54:51] local.INFO: よゐこ濱口が考えた”エロい”カーリングで加藤浩次にアクシデント発生!?放送NGにならないギリギリを責める！｜極楽とんぼKAKERUTV#70 毎週木曜よる9時放送中  
[2018-12-05 20:54:51] local.INFO: 指原莉乃は”つけない派”!?あるモノで女子のゴム着用率がわかる!?｜冬に使えるサイテーテクニック｜『指原莉乃＆ブラマヨの恋するサイテー男総選挙』#80 毎週火曜よる9時放送中  
[2018-12-05 20:54:51] local.INFO: 【勝負の冬！6話】「君だから教えたい」イケメン先生の熱いハグに胸キュン...♡ついに冬の生徒の"勉強と恋"の行方が決定！｜受験×恋愛リアリティーショー『勝負の冬！』毎週日曜よる10時放送中  
[2018-12-05 20:54:51] local.INFO: "人前で食事できない"会食恐怖症…キッカケは学校給食での完食指導!?｜AbemaPrime 12/3放送｜平日よる9時～【AbemaTV】  
[2018-12-05 20:54:51] local.INFO: 【勝負の冬！7話 先行公開】新たな3角関係が勃発?夏からの生徒にライバルが加わりイケメン先生との“勉強と恋”もラストスパート！受験×恋愛リアリティーショー『勝負の冬！』毎週日曜よる10時放送中  
[2018-12-05 20:54:51] local.INFO: GENERATIONS 片寄涼太が“クセ”の強いゴールで好記録のタイム叩き出す！10m走の速さの決め手にメンバー総ツッコミ！｜GENE高スポーツテスト｜【ジェネ高 2018/12/2】  
[2018-12-05 20:54:51] local.INFO: 極楽とんぼとよゐこ濱口が『エロ動体視力』を競う！しかし山本は参加できず...その理由は「坊主だから」？｜極楽とんぼKAKERUTV#70 毎週木曜よる9時放送中  
[2018-12-05 20:54:51] local.INFO: 【もう好き#3】「こっち来て…」彼に手を引かれ胸キュンセリフにマジ照れ♡7弾しゅうかと9弾るーちゃんの手つなぎスケートデート｜『今日好き』毎週月曜よる10時放送中  
[2018-12-05 20:54:51] local.INFO: GENERATIONS 白濱亜嵐からメンディーにハグ♡「ギュってしてあげたくなる」全力の数原龍友に対しまさか不正の疑惑が!?｜GENE高スポーツテスト｜【ジェネ高 2018/12/2】  
[2018-12-05 20:54:51] local.INFO: 【勝負の冬！6話フル】冬の生徒の最終オーディション！「私にも“勉強と恋”を教えて」止まらない涙…JKの想いは先生に届くのか？｜受験×恋愛リアリティーショー『勝負の冬！』毎週日曜よる10時放送中  
[2018-12-05 20:54:51] local.INFO: "ネット流行語大賞"金賞はVTuber! "大人気"ミライアカリに愛される秘訣を直撃｜AbemaPrime 12/3放送｜平日よる9時～【AbemaTV】  
[2018-12-05 20:54:51] local.INFO: 【今日よる11時】 ホリエモン“屈辱の0点”から起死回生なるか!?センター試験まで53日...わちみなみがまさかのメンタル崩壊!?｜東大合格へ導くガチ受験リアリティーショー『ドラゴン堀江』第5巻  
[2018-12-05 20:54:51] local.INFO: 王者武尊へ挑む大勝負間近！皇治の超直前コメント到着「大阪K-1を俺の大会にする」1Rからタイマン”殴り合い”宣言！K-1ライト級世界最強決定Tは12/8(土)ごご2時半アベマTV生中継！  
[2018-12-05 20:54:51] local.INFO: 万引きで有罪、マラソン元代表・原裕美子被告が盗みを繰り返すワケとは？｜AbemaPrime 12/3放送｜平日よる9時～【AbemaTV】  
[2018-12-05 20:54:51] local.INFO: 【武尊vs皇治、因縁の歴史】因縁の発端は”アニキ分”卜部弘嵩への度重なる皇治の挑発…！試練を乗り越えてきた皇治と怒りを堪え続けた武尊！12.8 K-1ライト級T12/8(土)ごご2時半アベマTV生中継  
[2018-12-05 20:54:51] local.INFO: “冬になるとムラムラする！”季節を感じる瞬間は？聞いてみたらオトコが引いてしまう“あるモノ”が急増!? 女子たちのあるある｜おぎやはぎの「ブス」テレビ#92  
[2018-12-05 20:54:51] local.INFO: 「歌手とか辞めちゃいたいのに」水着で歌う女性シンガーソングライターに亡き母が言い残した言葉とは...？CD未収録曲に込められた想い｜『ウラ給与明細』未公開のすべてはAbemaビデオで「限定」公開中！  
[2018-12-05 20:54:51] local.INFO: 柴田阿弥の理想デートはお出かけデート！五感対決でホンネトークまで炸裂!?｜柴田阿弥の金曜The NIGHT#106｜AbemaSPECIAL【AbemaTV】  
[2018-12-05 20:54:51] local.INFO: 生放送の限界に挑む!!氷を溶かして水着美女を見よう！加藤浩次が途中で気づいたこの企画の決定的な欠点とは？｜極楽とんぼKAKERUTV#70 毎週木曜よる9時放送中  
[2018-12-05 20:54:51] local.INFO: 旦那がいるのにワンチャンを狙う主婦とお泊まりしてみたら…スタジオ女子たちから嫉妬の嵐!? ADがカメラ片手に潜入！｜おぎやはぎの「ブス」テレビ#92  
[2018-12-05 20:54:51] local.INFO: 宇多丸がBL発言!?サイプレス上野とロベルト吉野の絆チェックでスタジオが騒然！|ライムスター宇多丸の水曜The NIGHT#125｜【AbemaTV】  
[2018-12-05 20:54:51] local.INFO: 【第5巻 フル】恐るべき“堀江スペック”に最強数学講師が舌を巻く！メンタル壊滅中の受験者達を堀江が炎上必須の金言でモチベUPさせる!?『ドラゴン堀江』毎週火曜よる11時放送中  
[2018-12-05 20:54:51] local.INFO: 【Fカップグラドル】松嶋えいみ【BOYS AND MEN】水野勝「触っても良いですか？」松嶋の触り心地の良い○○に触れる…♡!?【買えるアフターバトルクラブ】｜買えるバトルクラブ#18｜限定公開中！  
[2018-12-05 20:54:51] local.INFO: フランスのデモはなぜ暴徒化するのか!? 国民性に隠れた背景を舛添要一が暴く!｜AbemaPrime 12/4放送｜平日よる9時～【AbemaTV】  
[2018-12-05 20:54:51] local.INFO: 三谷アナが"謎の黄金ペットボトル"を求めて現場へ！黄色い液体の正体とは…？｜Abema的ニュースショー12/2放送｜隔週日曜午前11時半～【AbemaTV】  
[2018-12-05 20:54:51] local.INFO: Naughty Boyz『AbemaMix』SP LIVE SET｜HIPHOPチャンネル【AbemaTV】  
[2018-12-05 20:54:51] local.INFO: 【やぐフェス 2018】矢口真里がココでしか見れない新曲のアイドルソングを披露♡平成最後のアイドル総決算となるフェスを7時間生放送｜矢口真里の火曜TheNIGHT｜毎週月曜25時放送中  
[2018-12-05 20:54:51] local.INFO: MCサーモン、プライベートでSM嬢に"アナハラ"を受けていた!?「押すなよ！は押せの合図！」｜『NEWS RAP JAPAN』#85 毎週水曜24時に放送時間お引越し！  
[2018-12-05 20:54:51] local.INFO: 3つの禁句”D言葉”が火に油を注ぐ! 悪質クレームが増えるワケとは?｜AbemaPrime 12/4放送｜平日よる9時～【AbemaTV】  
[2018-12-05 20:54:51] local.INFO: M-1にモノ申したい芸人集合SP！カンニング竹山「お前なんかセンスの塊もない！」マジギレ発言!?｜カンニング竹山の土曜The NIGHT#43｜AbemaSPECIAL【AbemaTV】  
[2018-12-05 20:54:51] local.INFO: 「高輪ゲートウェイ太郎」メディア初登場！山手新駅“ゆるキャラ“爆誕!?｜AbemaPrime 12/4放送｜平日よる9時～【AbemaTV】  
[2018-12-05 20:54:51] local.INFO: 【独占生中継】『第71回 全日本フェンシング選手権大会 決勝』フルーレ・エペ・サーブルの男女それぞれの試合を配信！国内最強のフェンサーは誰だ...!?｜12月9日(日)ごご1時放送【AbemaTV】  
[2018-12-05 20:54:51] local.INFO: 大王製紙前会長が知られざる拘置所生活を告白！嬉しかったホリエモンからの差し入れとは？｜Abema的ニュースショー12/2放送｜隔週日曜午前11時半～【AbemaTV】  
[2018-12-05 20:54:51] local.INFO: STUDIO LIVE : SEEDA - ADRENALIN / 不定職者 / 花と雨 (2007.1.16 O.A.)  
[2018-12-05 20:54:51] local.INFO: Lunv Loyal / New World Order(Official Music Video)  
[2018-12-05 20:54:51] local.INFO: DOGMA×LORD 8ERZ『ワルノリデキマッテルリミックス』  
[2018-12-05 20:54:51] local.INFO: Kizuna AI - future base (阿修羅 Remix) #キズナアイ新曲リリースフェス  
[2018-12-05 20:54:51] local.INFO: ID： 悪事について(リベンジ)  
[2018-12-05 20:54:51] local.INFO: ID： 名前の由来  
[2018-12-05 20:54:51] local.INFO: Ace the Chosen onE：恐怖体験  
[2018-12-05 20:54:51] local.INFO: SNAFKN： 地元の話し  
[2018-12-05 20:54:51] local.INFO: 藤KooS vs ハハノシキュウ vs MC松島 vs ID/戦極MCBATTLE ROYALE 2018(10/21)  
[2018-12-05 20:54:51] local.INFO: バチスタ vs  ミステリオ vs BATTLE手裏剣 vs venom/戦極MCBATTLE ROYALE 2018(10/21)  
[2018-12-05 20:54:51] local.INFO: 11/30　BATTLEFIELD ３代目モンスターいつ？他　ZEEBRAとMC正社員二人で語る  
[2018-12-05 20:55:09] local.INFO: The number of fetched video: 7  
[2018-12-05 20:55:09] local.INFO: The title of latest video is 【今日好き#2】“禁断の恋”の始まり…？リベンジ美人JKなつきと2人きりで秘密の時間 恋は急加速？｜毎週月曜よる10時放送中  
[2018-12-05 20:58:40] local.INFO: Complete inserting new channels and channel thumbnails  
[2018-12-05 21:01:21] local.INFO: 【年下王子2 第5話】魔性の女が乱入！安定カップルが引き裂かれる!?｜毎週土曜よる10時放送『私の年下王子さま』  
[2018-12-05 21:01:22] local.INFO: 2WIN (T-PABLOW × YZERR) / DO IT LIKE ME feat. EGO - Official Video -  
[2018-12-05 21:01:22] local.INFO: OZROSAURUS / OG - Official Video -  
[2018-12-05 21:01:22] local.INFO: 2WIN (T-PABLOW × YZERR) / PAIN AWAY  - Official Video -  
[2018-12-05 21:01:22] local.INFO: いとうせいこう、ERONE、KEN THE 390 / THE JUDGE - Official Video -  
[2018-12-05 21:01:22] local.INFO: 2WIN (T-PABLOW × YZERR) / FIRE BURN - Official Video -  
[2018-12-05 21:01:22] local.INFO: 2WIN (T-PABLOW × YZERR) / STAND UP - Official Video -  
[2018-12-05 21:01:22] local.INFO: 掌幻, CHICO CARLITO, 焚巻 / フリースタイル・ダンジョン 2016 - Official Video -  
[2018-12-05 21:01:22] local.INFO: OZROSAURUS / 曼陀羅 [Official Video]  
[2018-12-05 21:01:22] local.INFO: SHOW GUN / Bounce feat. RYO the SKYWALKER, EGO, JOYSTICKK, Tiji Jojo  -Official Video-  
[2018-12-05 21:01:22] local.INFO: EGO / FURUGI - Official Video -  
[2018-12-05 21:01:22] local.INFO: EGO / STAY FLY - Official Video -  
[2018-12-05 21:01:22] local.INFO: EGO / I Have A Dream feat. Sugar Soul - Official Video -  
[2018-12-05 21:01:22] local.INFO: SHOW GUN Choreography / NO ROLE MODEL - RENE MARS  
[2018-12-05 21:01:22] local.INFO: EGO - AKLO “COUNT ON ME". feat. ZORN -  REMIX  
[2018-12-05 21:01:22] local.INFO: SHOW GUN Choreography / "ALL 下衆 OUT ft.呂布カルマ" - SOCKS  
[2018-12-05 21:01:22] local.INFO: EGO / Work feat. T-PABLOW - Official Video -  
[2018-12-05 21:01:22] local.INFO: EGO / isogashii - Official Video -  
[2018-12-05 21:01:22] local.INFO: "SUPER NOVA" -Official Video 01-  龍道〜MABU〜CHICO CARLITO  
[2018-12-05 21:01:22] local.INFO: SHOW GUN / Bounce feat. RYO the SKYWALKER , EGO , JOYSTICKK , Tiji Jojo [ LIVE @ ZIP▲NGU! ]  
[2018-12-05 21:01:22] local.INFO: OZROSAURUS / Special Interview @THE GRAND MASTER SHOW (2015.01.02)  
[2018-12-05 21:01:22] local.INFO: EGO / Turn Up - Official Video -  
[2018-12-05 21:01:22] local.INFO: SHOW GUN / SWALLOW TRAP feat. Zeebra & SIMON - Official Video -  
[2018-12-05 21:01:22] local.INFO: フリースタイルダンジョン審査員コラボ楽曲『THE JUDGE』を歌ってみた！  
[2018-12-05 21:01:22] local.INFO: SHOW GUN / Dance Showcace @ ZIP▲NGU! (2015.12.25)  
[2018-12-05 21:01:22] local.INFO: EGO / PINEAPPLE JUICE - Official Video -  
[2018-12-05 21:01:22] local.INFO: YOUNG GUNZ feat. T-PABLOW × Ryutaro Ishikawa - Official Video -  
[2018-12-05 21:01:22] local.INFO: EGO / Try - Official Video -  
[2018-12-05 21:01:22] local.INFO: SHOW GUN / DEAR SANTA feat. DABO & MIHIRO - Official Video -  
[2018-12-05 21:01:22] local.INFO: EGO  / PINEAPPLE JUICE with HOME GROWN [ LIVE @Billboard Live Tokyo ]  
[2018-12-05 21:01:22] local.INFO: "SUPER NOVA" -Official Video 02- Sean Barrymore〜5kott da pada1〜13ELL & JAY-LOX  
[2018-12-05 21:01:22] local.INFO: Novel Core - Dear "My Generation" (Freestyle)  
[2018-12-05 21:01:22] local.INFO: Novel Core / Metafiction - Official Video -  
[2018-12-05 21:01:22] local.INFO: Novel Core - Dear "Old Generation" (Freestyle)  
[2018-12-05 21:01:22] local.INFO: OK 'fetch:NewVideo'  
[2018-12-05 21:03:52] local.ERROR: Command "update:genre" is not defined.

Did you mean one of these?
    update:videoCount
    update:videoGenre {"exception":"[object] (Symfony\\Component\\Console\\Exception\\CommandNotFoundException(code: 0): Command \"update:genre\" is not defined.

Did you mean one of these?
    update:videoCount
    update:videoGenre at /var/www/laravel/vendor/symfony/console/Application.php:632)
[stacktrace]
#0 /var/www/laravel/vendor/symfony/console/Application.php(226): Symfony\\Component\\Console\\Application->find('update:genre')
#1 /var/www/laravel/vendor/symfony/console/Application.php(145): Symfony\\Component\\Console\\Application->doRun(Object(Symfony\\Component\\Console\\Input\\ArgvInput), Object(Symfony\\Component\\Console\\Output\\ConsoleOutput))
#2 /var/www/laravel/vendor/laravel/framework/src/Illuminate/Console/Application.php(89): Symfony\\Component\\Console\\Application->run(Object(Symfony\\Component\\Console\\Input\\ArgvInput), Object(Symfony\\Component\\Console\\Output\\ConsoleOutput))
#3 /var/www/laravel/vendor/laravel/framework/src/Illuminate/Foundation/Console/Kernel.php(122): Illuminate\\Console\\Application->run(Object(Symfony\\Component\\Console\\Input\\ArgvInput), Object(Symfony\\Component\\Console\\Output\\ConsoleOutput))
#4 /var/www/laravel/artisan(37): Illuminate\\Foundation\\Console\\Kernel->handle(Object(Symfony\\Component\\Console\\Input\\ArgvInput), Object(Symfony\\Component\\Console\\Output\\ConsoleOutput))
#5 {main}
"} 
[2018-12-05 21:05:40] local.ERROR: Command "update:videoGenre" is not defined.

Did you mean one of these?
    update:genre
    update:videoCount {"exception":"[object] (Symfony\\Component\\Console\\Exception\\CommandNotFoundException(code: 0): Command \"update:videoGenre\" is not defined.

Did you mean one of these?
    update:genre
    update:videoCount at /var/www/laravel/vendor/symfony/console/Application.php:632)
[stacktrace]
#0 /var/www/laravel/vendor/symfony/console/Application.php(226): Symfony\\Component\\Console\\Application->find('update:videoGen...')
#1 /var/www/laravel/vendor/symfony/console/Application.php(145): Symfony\\Component\\Console\\Application->doRun(Object(Symfony\\Component\\Console\\Input\\ArgvInput), Object(Symfony\\Component\\Console\\Output\\ConsoleOutput))
#2 /var/www/laravel/vendor/laravel/framework/src/Illuminate/Console/Application.php(89): Symfony\\Component\\Console\\Application->run(Object(Symfony\\Component\\Console\\Input\\ArgvInput), Object(Symfony\\Component\\Console\\Output\\ConsoleOutput))
#3 /var/www/laravel/vendor/laravel/framework/src/Illuminate/Foundation/Console/Kernel.php(122): Illuminate\\Console\\Application->run(Object(Symfony\\Component\\Console\\Input\\ArgvInput), Object(Symfony\\Component\\Console\\Output\\ConsoleOutput))
#4 /var/www/laravel/artisan(37): Illuminate\\Foundation\\Console\\Kernel->handle(Object(Symfony\\Component\\Console\\Input\\ArgvInput), Object(Symfony\\Component\\Console\\Output\\ConsoleOutput))
#5 {main}
"} 
[2018-12-05 21:05:46] local.ERROR: Argument 1 passed to App\Repositories\ApiRepository::getGenre() must be of the type integer, string given, called in /var/www/laravel/app/Console/Commands/UpdateVideoGenre.php on line 42 {"exception":"[object] (Symfony\\Component\\Debug\\Exception\\FatalThrowableError(code: 0): Argument 1 passed to App\\Repositories\\ApiRepository::getGenre() must be of the type integer, string given, called in /var/www/laravel/app/Console/Commands/UpdateVideoGenre.php on line 42 at /var/www/laravel/app/Repositories/ApiRepository/ApiRepository.php:138)
[stacktrace]
#0 /var/www/laravel/app/Console/Commands/UpdateVideoGenre.php(42): App\\Repositories\\ApiRepository->getGenre('UCEc1YzMOSKKtJD...', 'R-\\xE6\\x8C\\x87\\xE5\\xAE\\x9A UMB 3\\xE9...')
#1 [internal function]: App\\Console\\Commands\\UpdateVideoGenre->handle(Object(App\\Repositories\\ApiRepository))
#2 /var/www/laravel/vendor/laravel/framework/src/Illuminate/Container/BoundMethod.php(29): call_user_func_array(Array, Array)
#3 /var/www/laravel/vendor/laravel/framework/src/Illuminate/Container/BoundMethod.php(87): Illuminate\\Container\\BoundMethod::Illuminate\\Container\\{closure}()
#4 /var/www/laravel/vendor/laravel/framework/src/Illuminate/Container/BoundMethod.php(31): Illuminate\\Container\\BoundMethod::callBoundMethod(Object(Illuminate\\Foundation\\Application), Array, Object(Closure))
#5 /var/www/laravel/vendor/laravel/framework/src/Illuminate/Container/Container.php(572): Illuminate\\Container\\BoundMethod::call(Object(Illuminate\\Foundation\\Application), Array, Array, NULL)
#6 /var/www/laravel/vendor/laravel/framework/src/Illuminate/Console/Command.php(183): Illuminate\\Container\\Container->call(Array)
#7 /var/www/laravel/vendor/symfony/console/Command/Command.php(255): Illuminate\\Console\\Command->execute(Object(Symfony\\Component\\Console\\Input\\ArgvInput), Object(Illuminate\\Console\\OutputStyle))
#8 /var/www/laravel/vendor/laravel/framework/src/Illuminate/Console/Command.php(170): Symfony\\Component\\Console\\Command\\Command->run(Object(Symfony\\Component\\Console\\Input\\ArgvInput), Object(Illuminate\\Console\\OutputStyle))
#9 /var/www/laravel/vendor/symfony/console/Application.php(886): Illuminate\\Console\\Command->run(Object(Symfony\\Component\\Console\\Input\\ArgvInput), Object(Symfony\\Component\\Console\\Output\\ConsoleOutput))
#10 /var/www/laravel/vendor/symfony/console/Application.php(262): Symfony\\Component\\Console\\Application->doRunCommand(Object(App\\Console\\Commands\\UpdateVideoGenre), Object(Symfony\\Component\\Console\\Input\\ArgvInput), Object(Symfony\\Component\\Console\\Output\\ConsoleOutput))
#11 /var/www/laravel/vendor/symfony/console/Application.php(145): Symfony\\Component\\Console\\Application->doRun(Object(Symfony\\Component\\Console\\Input\\ArgvInput), Object(Symfony\\Component\\Console\\Output\\ConsoleOutput))
#12 /var/www/laravel/vendor/laravel/framework/src/Illuminate/Console/Application.php(89): Symfony\\Component\\Console\\Application->run(Object(Symfony\\Component\\Console\\Input\\ArgvInput), Object(Symfony\\Component\\Console\\Output\\ConsoleOutput))
#13 /var/www/laravel/vendor/laravel/framework/src/Illuminate/Foundation/Console/Kernel.php(122): Illuminate\\Console\\Application->run(Object(Symfony\\Component\\Console\\Input\\ArgvInput), Object(Symfony\\Component\\Console\\Output\\ConsoleOutput))
#14 /var/www/laravel/artisan(37): Illuminate\\Foundation\\Console\\Kernel->handle(Object(Symfony\\Component\\Console\\Input\\ArgvInput), Object(Symfony\\Component\\Console\\Output\\ConsoleOutput))
#15 {main}
"} 
[2018-12-05 21:07:10] local.ERROR: Undefined index: battle {"exception":"[object] (ErrorException(code: 0): Undefined index: battle at /var/www/laravel/app/Repositories/ApiRepository/ApiRepository.php:150)
[stacktrace]
#0 /var/www/laravel/app/Repositories/ApiRepository/ApiRepository.php(150): Illuminate\\Foundation\\Bootstrap\\HandleExceptions->handleError(8, 'Undefined index...', '/var/www/larave...', 150, Array)
#1 /var/www/laravel/app/Console/Commands/UpdateVideoGenre.php(42): App\\Repositories\\ApiRepository->getGenre(1, 'UCEc1YzMOSKKtJD...', 'R-\\xE6\\x8C\\x87\\xE5\\xAE\\x9A UMB 3\\xE9...')
#2 [internal function]: App\\Console\\Commands\\UpdateVideoGenre->handle(Object(App\\Repositories\\ApiRepository))
#3 /var/www/laravel/vendor/laravel/framework/src/Illuminate/Container/BoundMethod.php(29): call_user_func_array(Array, Array)
#4 /var/www/laravel/vendor/laravel/framework/src/Illuminate/Container/BoundMethod.php(87): Illuminate\\Container\\BoundMethod::Illuminate\\Container\\{closure}()
#5 /var/www/laravel/vendor/laravel/framework/src/Illuminate/Container/BoundMethod.php(31): Illuminate\\Container\\BoundMethod::callBoundMethod(Object(Illuminate\\Foundation\\Application), Array, Object(Closure))
#6 /var/www/laravel/vendor/laravel/framework/src/Illuminate/Container/Container.php(572): Illuminate\\Container\\BoundMethod::call(Object(Illuminate\\Foundation\\Application), Array, Array, NULL)
#7 /var/www/laravel/vendor/laravel/framework/src/Illuminate/Console/Command.php(183): Illuminate\\Container\\Container->call(Array)
#8 /var/www/laravel/vendor/symfony/console/Command/Command.php(255): Illuminate\\Console\\Command->execute(Object(Symfony\\Component\\Console\\Input\\ArgvInput), Object(Illuminate\\Console\\OutputStyle))
#9 /var/www/laravel/vendor/laravel/framework/src/Illuminate/Console/Command.php(170): Symfony\\Component\\Console\\Command\\Command->run(Object(Symfony\\Component\\Console\\Input\\ArgvInput), Object(Illuminate\\Console\\OutputStyle))
#10 /var/www/laravel/vendor/symfony/console/Application.php(886): Illuminate\\Console\\Command->run(Object(Symfony\\Component\\Console\\Input\\ArgvInput), Object(Symfony\\Component\\Console\\Output\\ConsoleOutput))
#11 /var/www/laravel/vendor/symfony/console/Application.php(262): Symfony\\Component\\Console\\Application->doRunCommand(Object(App\\Console\\Commands\\UpdateVideoGenre), Object(Symfony\\Component\\Console\\Input\\ArgvInput), Object(Symfony\\Component\\Console\\Output\\ConsoleOutput))
#12 /var/www/laravel/vendor/symfony/console/Application.php(145): Symfony\\Component\\Console\\Application->doRun(Object(Symfony\\Component\\Console\\Input\\ArgvInput), Object(Symfony\\Component\\Console\\Output\\ConsoleOutput))
#13 /var/www/laravel/vendor/laravel/framework/src/Illuminate/Console/Application.php(89): Symfony\\Component\\Console\\Application->run(Object(Symfony\\Component\\Console\\Input\\ArgvInput), Object(Symfony\\Component\\Console\\Output\\ConsoleOutput))
#14 /var/www/laravel/vendor/laravel/framework/src/Illuminate/Foundation/Console/Kernel.php(122): Illuminate\\Console\\Application->run(Object(Symfony\\Component\\Console\\Input\\ArgvInput), Object(Symfony\\Component\\Console\\Output\\ConsoleOutput))
#15 /var/www/laravel/artisan(37): Illuminate\\Foundation\\Console\\Kernel->handle(Object(Symfony\\Component\\Console\\Input\\ArgvInput), Object(Symfony\\Component\\Console\\Output\\ConsoleOutput))
#16 {main}
"} 
